EF999921 Fasta:
The HCMV genome (EF999921) has 169 CDS.

SLEUTH Outputs:
target_id	test_stat	pval	qval
EF999921.1_cds_ABV71604.1_107	14.8058411981326	0.000119165822532827	0.011709655095944
EF999921.1_cds_ABV71622.1_125	14.4989808613046	0.000140235390370587	0.011709655095944
EF999921.1_cds_ABV71560.1_63	13.0094855846134	0.000309917067310461	0.0154298299168197
EF999921.1_cds_ABV71652.1_155	12.6800546681837	0.000369576764474724	0.0154298299168197
EF999921.1_cds_ABV71626.1_129	11.81327694756	0.000588098324890902	0.0172288429393279
EF999921.1_cds_ABV71651.1_154	11.4693832218598	0.000707521580636368	0.0172288429393279
EF999921.1_cds_ABV71646.1_149	11.4313111444213	0.000722167069313144	0.0172288429393279
EF999921.1_cds_ABV71649.1_152	11.1497507934697	0.000840429625634109	0.017543968435112
EF999921.1_cds_ABV71561.1_64	10.4406449553709	0.0012327221795746	0.022873844887662
EF999921.1_cds_ABV71595.1_98	10.0085965786691	0.00155811209848098	0.0260204720446324
EF999921.1_cds_ABV71519.1_22	8.64357524364805	0.00328216706663311	0.0440894851157909
EF999921.1_cds_ABV71596.1_99	8.5711514555594	0.0034153109543182	0.0440894851157909
EF999921.1_cds_ABV71506.1_9	8.40172377108085	0.00374865375680821	0.0440894851157909
EF999921.1_cds_ABV71607.1_110	8.35147589284853	0.00385374172732644	0.0440894851157909
EF999921.1_cds_ABV71635.1_138	8.30200502085966	0.00396013339363391	0.0440894851157909
EF999921.1_cds_ABV71507.1_10	7.96945406908004	0.00475732844864216	0.0496546156827026


SPAdes Command:
nohup spades -k 55,127 -t 2 --only-assembler --pe1-1 ~/mini_proj/SRR5660033.1_1_mapped.fq --pe1-2 ~/mini_proj/SRR5660033.1_2_mapped.fq --pe2-1 ~/mini_proj/SRR5660045.1_1_mapped.fq --pe2-2 ~/mini_proj/SRR5660045.1_2_mapped.fq --pe3-1 ~/mini_proj/SRR5660044.1_1_mapped.fq --pe3-2 ~/mini_proj/SRR5660044.1_2_mapped.fq --pe4-1 ~/mini_proj/SRR5660030.1_1_mapped.fq --pe4-2 ~/mini_proj/SRR5660030.1_2_mapped.fq -o ~/mini_proj/spades_out


Bowtie Results:
Donor 1 (2dpi) had 2259287.0 read pairs before Bowtie2 filtering and 1744101.0 read pairs after.
Donor 1 (6dpi) had 2004530.0 read pairs before Bowtie2 filtering and 1488833.0 read pairs after.
Donor 2 (2dpi) had 2730258.0 read pairs before Bowtie2 filtering and 2382996.0 read pairs after.
Donor 2 (6dpi) had 2476889.0 read pairs before Bowtie2 filtering and 1500834.0 read pairs after.


SPAdes Contigs:
There are 56 contigs > 1000 bp in the assembly.


SPAdes Scaffold Length:
There are 200189 bp in the assembly.


BLAST+ Output:
sacc	pident	length	qstart	qend	sstart	send	bitscore	evalue	stitle
NC_006273.2	99.434	15900	1	15888	138721	122822	28853	0.0	NC_006273.2 Human herpesvirus 5 strain Merlin	 complete genome
NC_003521.1	83.327	2831	8751	11576	130007	127219	2569	0.0	NC_003521.1 Panine herpesvirus 2 strain Heberling	 complete genome
NC_003521.1	82.562	1858	3813	5644	135403	133566	1594	0.0	NC_003521.1 Panine herpesvirus 2 strain Heberling	 complete genome
NC_003521.1	84.719	1564	11676	13235	127071	125512	1557	0.0	NC_003521.1 Panine herpesvirus 2 strain Heberling	 complete genome
NC_003521.1	84.833	1167	6385	7542	132561	131401	1160	0.0	NC_003521.1 Panine herpesvirus 2 strain Heberling	 complete genome
NC_003521.1	85.942	1003	13386	14383	125347	124356	1057	0.0	NC_003521.1 Panine herpesvirus 2 strain Heberling	 complete genome
NC_003521.1	87.042	710	2571	3275	136787	136080	795	0.0	NC_003521.1 Panine herpesvirus 2 strain Heberling	 complete genome
NC_003521.1	81.085	682	8043	8718	130753	130078	534	7.06e-151	NC_003521.1 Panine herpesvirus 2 strain Heberling	 complete genome
NC_033176.1	74.260	2467	9113	11556	118190	115749	994	0.0	NC_033176.1 Cynomolgus cytomegalovirus isolate 31908	 complete genome
NC_033176.1	79.618	996	3813	4804	123097	122106	708	0.0	NC_033176.1 Cynomolgus cytomegalovirus isolate 31908	 complete genome
